<?xml version="1.0" encoding="UTF-8"?>
<!-- Generated by org.testng.reporters.JUnitReportReporter -->
<testsuite hostname="CIPL1300QA" failures="0" tests="4" name="Git.Gitdemo.amazonstandalone" time="17.356" errors="0" timestamp="2023-02-06T16:02:36 IST" skipped="0">
  <testcase classname="Git.Gitdemo.amazonstandalone" name="testCaseData" time="3.158"/>
  <system-out/>
  <testcase classname="Git.Gitdemo.amazonstandalone" name="search" time="2.294"/>
  <system-out/>
  <testcase classname="Git.Gitdemo.amazonstandalone" name="AddToCart" time="7.470"/>
  <system-out/>
  <testcase classname="Git.Gitdemo.amazonstandalone" name="LogOut" time="4.434"/>
  <system-out/>
</testsuite> <!-- Git.Gitdemo.amazonstandalone -->
